{"contracts/libraries/safeMath.sol":{"l":{"6":5,"7":5,"11":5,"12":5,"13":5},"path":"/home/saqib/Saqib/Solidity/First Project/MSOT/contracts/libraries/safeMath.sol","s":{"1":5,"2":5,"3":5,"4":5,"5":5},"b":{},"f":{"1":5,"2":5},"fnMap":{"1":{"name":"sub","line":5,"loc":{"start":{"line":5,"column":4},"end":{"line":8,"column":4}}},"2":{"name":"add","line":10,"loc":{"start":{"line":10,"column":4},"end":{"line":14,"column":4}}}},"statementMap":{"1":{"start":{"line":6,"column":8},"end":{"line":6,"column":21}},"2":{"start":{"line":7,"column":8},"end":{"line":7,"column":20}},"3":{"start":{"line":11,"column":8},"end":{"line":11,"column":16}},"4":{"start":{"line":12,"column":8},"end":{"line":12,"column":21}},"5":{"start":{"line":13,"column":8},"end":{"line":13,"column":16}}},"branchMap":{}},"contracts/Migrations.sol":{"l":{"9":1,"13":1,"17":1},"path":"/home/saqib/Saqib/Solidity/First Project/MSOT/contracts/Migrations.sol","s":{"1":1,"2":1},"b":{"1":[1,0]},"f":{"1":1,"2":1},"fnMap":{"1":{"name":"restricted","line":8,"loc":{"start":{"line":8,"column":2},"end":{"line":14,"column":2}}},"2":{"name":"setCompleted","line":16,"loc":{"start":{"line":16,"column":2},"end":{"line":18,"column":2}}}},"statementMap":{"1":{"start":{"line":9,"column":4},"end":{"line":9,"column":192}},"2":{"start":{"line":17,"column":4},"end":{"line":17,"column":39}}},"branchMap":{"1":{"line":9,"type":"if","locations":[{"start":{"line":9,"column":4},"end":{"line":9,"column":4}},{"start":{"line":9,"column":4},"end":{"line":9,"column":4}}]}}},"contracts/MSOT.sol":{"l":{"26":33,"27":33,"28":33,"29":33,"30":33,"31":33,"32":33,"33":33,"40":14,"41":13,"45":11,"46":11,"49":2,"50":1,"54":0,"58":3,"59":1,"62":2,"63":2,"67":3,"71":3,"75":5,"79":7,"83":3,"84":2,"86":2,"87":2,"88":2,"89":2,"93":8,"94":2,"96":7,"97":5,"98":2,"99":0,"101":3,"102":3,"103":3,"104":3,"108":1,"112":2,"114":2,"115":2,"116":2},"path":"/home/saqib/Saqib/Solidity/First Project/MSOT/contracts/MSOT.sol","s":{"1":33,"2":33,"3":33,"4":33,"5":33,"6":33,"7":33,"8":33,"9":14,"10":11,"11":2,"12":1,"13":0,"14":3,"15":1,"16":2,"17":2,"18":3,"19":3,"20":5,"21":7,"22":3,"23":2,"24":2,"25":2,"26":2,"27":2,"28":8,"29":2,"30":7,"31":5,"32":2,"33":0,"34":3,"35":3,"36":3,"37":3,"38":1,"39":2,"40":2,"41":2,"42":2},"b":{"1":[13,1],"2":[11,0],"3":[1,1],"4":[1,2],"5":[2,1],"6":[1,1],"7":[2,6],"8":[1,1],"9":[5,2],"10":[2,3],"11":[0,2],"12":[2,0]},"f":{"1":33,"2":2,"3":14,"4":11,"5":2,"6":0,"7":3,"8":3,"9":3,"10":5,"11":7,"12":3,"13":8,"14":1,"15":2},"fnMap":{"1":{"name":"initialize","line":25,"loc":{"start":{"line":25,"column":4},"end":{"line":35,"column":4}}},"2":{"name":"_authorizeUpgrade","line":37,"loc":{"start":{"line":37,"column":4},"end":{"line":37,"column":86}}},"3":{"name":"checkHalted","line":39,"loc":{"start":{"line":39,"column":4},"end":{"line":42,"column":4}}},"4":{"name":"onlyAuthorized","line":44,"loc":{"start":{"line":44,"column":4},"end":{"line":47,"column":4}}},"5":{"name":"transferAuthorizedCaller","line":48,"loc":{"start":{"line":48,"column":4},"end":{"line":51,"column":4}}},"6":{"name":"totalSupply","line":53,"loc":{"start":{"line":53,"column":4},"end":{"line":55,"column":4}}},"7":{"name":"sendFeeCurrency","line":57,"loc":{"start":{"line":57,"column":4},"end":{"line":64,"column":4}}},"8":{"name":"setIsPayable","line":66,"loc":{"start":{"line":66,"column":4},"end":{"line":68,"column":4}}},"9":{"name":"setHalted","line":70,"loc":{"start":{"line":70,"column":4},"end":{"line":72,"column":4}}},"10":{"name":"setLock","line":74,"loc":{"start":{"line":74,"column":4},"end":{"line":76,"column":4}}},"11":{"name":"balanceOf","line":78,"loc":{"start":{"line":78,"column":4},"end":{"line":80,"column":4}}},"12":{"name":"transfer","line":82,"loc":{"start":{"line":82,"column":4},"end":{"line":90,"column":4}}},"13":{"name":"transferFrom","line":92,"loc":{"start":{"line":92,"column":4},"end":{"line":105,"column":4}}},"14":{"name":"allowance","line":107,"loc":{"start":{"line":107,"column":4},"end":{"line":109,"column":4}}},"15":{"name":"approve","line":111,"loc":{"start":{"line":111,"column":4},"end":{"line":117,"column":4}}}},"statementMap":{"1":{"start":{"line":26,"column":8},"end":{"line":26,"column":35}},"2":{"start":{"line":27,"column":8},"end":{"line":27,"column":23}},"3":{"start":{"line":28,"column":8},"end":{"line":28,"column":38}},"4":{"start":{"line":29,"column":8},"end":{"line":29,"column":42}},"5":{"start":{"line":30,"column":8},"end":{"line":30,"column":23}},"6":{"start":{"line":31,"column":8},"end":{"line":31,"column":23}},"7":{"start":{"line":32,"column":8},"end":{"line":32,"column":36}},"8":{"start":{"line":33,"column":8},"end":{"line":33,"column":29}},"9":{"start":{"line":40,"column":8},"end":{"line":40,"column":33}},"10":{"start":{"line":45,"column":8},"end":{"line":45,"column":73}},"11":{"start":{"line":49,"column":8},"end":{"line":49,"column":50}},"12":{"start":{"line":50,"column":8},"end":{"line":50,"column":46}},"13":{"start":{"line":54,"column":8},"end":{"line":54,"column":27}},"14":{"start":{"line":58,"column":8},"end":{"line":58,"column":1943}},"15":{"start":{"line":59,"column":12},"end":{"line":59,"column":19}},"16":{"start":{"line":62,"column":8},"end":{"line":62,"column":34}},"17":{"start":{"line":63,"column":8},"end":{"line":63,"column":19}},"18":{"start":{"line":67,"column":8},"end":{"line":67,"column":20}},"19":{"start":{"line":71,"column":8},"end":{"line":71,"column":27}},"20":{"start":{"line":75,"column":8},"end":{"line":75,"column":28}},"21":{"start":{"line":79,"column":8},"end":{"line":79,"column":36}},"22":{"start":{"line":83,"column":8},"end":{"line":83,"column":2595}},"23":{"start":{"line":84,"column":12},"end":{"line":84,"column":71}},"24":{"start":{"line":86,"column":8},"end":{"line":86,"column":63}},"25":{"start":{"line":87,"column":8},"end":{"line":87,"column":49}},"26":{"start":{"line":88,"column":8},"end":{"line":88,"column":47}},"27":{"start":{"line":89,"column":8},"end":{"line":89,"column":19}},"28":{"start":{"line":93,"column":8},"end":{"line":93,"column":3024}},"29":{"start":{"line":94,"column":12},"end":{"line":94,"column":97}},"30":{"start":{"line":96,"column":8},"end":{"line":96,"column":42}},"31":{"start":{"line":97,"column":8},"end":{"line":97,"column":3216}},"32":{"start":{"line":98,"column":12},"end":{"line":98,"column":94}},"33":{"start":{"line":99,"column":12},"end":{"line":99,"column":79}},"34":{"start":{"line":101,"column":8},"end":{"line":101,"column":53}},"35":{"start":{"line":102,"column":8},"end":{"line":102,"column":49}},"36":{"start":{"line":103,"column":8},"end":{"line":103,"column":42}},"37":{"start":{"line":104,"column":8},"end":{"line":104,"column":19}},"38":{"start":{"line":108,"column":8},"end":{"line":108,"column":45}},"39":{"start":{"line":112,"column":8},"end":{"line":112,"column":72}},"40":{"start":{"line":114,"column":8},"end":{"line":114,"column":46}},"41":{"start":{"line":115,"column":8},"end":{"line":115,"column":52}},"42":{"start":{"line":116,"column":8},"end":{"line":116,"column":19}}},"branchMap":{"1":{"line":40,"type":"if","locations":[{"start":{"line":40,"column":8},"end":{"line":40,"column":8}},{"start":{"line":40,"column":8},"end":{"line":40,"column":8}}]},"2":{"line":45,"type":"if","locations":[{"start":{"line":45,"column":8},"end":{"line":45,"column":8}},{"start":{"line":45,"column":8},"end":{"line":45,"column":8}}]},"3":{"line":49,"type":"if","locations":[{"start":{"line":49,"column":8},"end":{"line":49,"column":8}},{"start":{"line":49,"column":8},"end":{"line":49,"column":8}}]},"4":{"line":58,"type":"if","locations":[{"start":{"line":58,"column":8},"end":{"line":58,"column":8}},{"start":{"line":58,"column":8},"end":{"line":58,"column":8}}]},"5":{"line":83,"type":"if","locations":[{"start":{"line":83,"column":8},"end":{"line":83,"column":8}},{"start":{"line":83,"column":8},"end":{"line":83,"column":8}}]},"6":{"line":84,"type":"if","locations":[{"start":{"line":84,"column":12},"end":{"line":84,"column":12}},{"start":{"line":84,"column":12},"end":{"line":84,"column":12}}]},"7":{"line":93,"type":"if","locations":[{"start":{"line":93,"column":8},"end":{"line":93,"column":8}},{"start":{"line":93,"column":8},"end":{"line":93,"column":8}}]},"8":{"line":94,"type":"if","locations":[{"start":{"line":94,"column":12},"end":{"line":94,"column":12}},{"start":{"line":94,"column":12},"end":{"line":94,"column":12}}]},"9":{"line":96,"type":"if","locations":[{"start":{"line":96,"column":8},"end":{"line":96,"column":8}},{"start":{"line":96,"column":8},"end":{"line":96,"column":8}}]},"10":{"line":97,"type":"if","locations":[{"start":{"line":97,"column":8},"end":{"line":97,"column":8}},{"start":{"line":97,"column":8},"end":{"line":97,"column":8}}]},"11":{"line":98,"type":"if","locations":[{"start":{"line":98,"column":12},"end":{"line":98,"column":12}},{"start":{"line":98,"column":12},"end":{"line":98,"column":12}}]},"12":{"line":112,"type":"if","locations":[{"start":{"line":112,"column":8},"end":{"line":112,"column":8}},{"start":{"line":112,"column":8},"end":{"line":112,"column":8}}]}}},"contracts/tests/mockMSOT.sol":{"l":{"8":1},"path":"/home/saqib/Saqib/Solidity/First Project/MSOT/contracts/tests/mockMSOT.sol","s":{"1":1},"b":{},"f":{"1":1},"fnMap":{"1":{"name":"version","line":7,"loc":{"start":{"line":7,"column":4},"end":{"line":9,"column":4}}}},"statementMap":{"1":{"start":{"line":8,"column":8},"end":{"line":8,"column":19}}},"branchMap":{}}}