{"contracts/Migrations.sol":{"l":{"9":1,"13":1,"17":1},"path":"/home/saqib/Saqib/Solidity/First Project/new/MSOT/contracts/Migrations.sol","s":{"1":1,"2":1},"b":{"1":[1,0]},"f":{"1":1,"2":1},"fnMap":{"1":{"name":"restricted","line":8,"loc":{"start":{"line":8,"column":2},"end":{"line":14,"column":2}}},"2":{"name":"setCompleted","line":16,"loc":{"start":{"line":16,"column":2},"end":{"line":18,"column":2}}}},"statementMap":{"1":{"start":{"line":9,"column":4},"end":{"line":9,"column":192}},"2":{"start":{"line":17,"column":4},"end":{"line":17,"column":39}}},"branchMap":{"1":{"line":9,"type":"if","locations":[{"start":{"line":9,"column":4},"end":{"line":9,"column":4}},{"start":{"line":9,"column":4},"end":{"line":9,"column":4}}]}}},"contracts/MSOT.sol":{"l":{"14":24,"15":24,"16":24,"23":1},"path":"/home/saqib/Saqib/Solidity/First Project/new/MSOT/contracts/MSOT.sol","s":{"1":24,"2":24,"3":24,"4":1},"b":{},"f":{"1":24,"2":2,"3":1},"fnMap":{"1":{"name":"initialize","line":13,"loc":{"start":{"line":13,"column":4},"end":{"line":18,"column":4}}},"2":{"name":"_authorizeUpgrade","line":20,"loc":{"start":{"line":20,"column":4},"end":{"line":20,"column":86}}},"3":{"name":"burn","line":22,"loc":{"start":{"line":22,"column":4},"end":{"line":24,"column":4}}}},"statementMap":{"1":{"start":{"line":14,"column":8},"end":{"line":14,"column":35}},"2":{"start":{"line":15,"column":8},"end":{"line":15,"column":23}},"3":{"start":{"line":16,"column":8},"end":{"line":16,"column":38}},"4":{"start":{"line":23,"column":8},"end":{"line":23,"column":29}}},"branchMap":{}},"contracts/tests/mockMSOT.sol":{"l":{"8":1},"path":"/home/saqib/Saqib/Solidity/First Project/new/MSOT/contracts/tests/mockMSOT.sol","s":{"1":1},"b":{},"f":{"1":1},"fnMap":{"1":{"name":"version","line":7,"loc":{"start":{"line":7,"column":4},"end":{"line":9,"column":4}}}},"statementMap":{"1":{"start":{"line":8,"column":8},"end":{"line":8,"column":19}}},"branchMap":{}}}