TN:
SF:/home/saqib/Saqib/Solidity/First Project/MSOT/contracts/libraries/safeMath.sol
FN:5,sub
FN:10,add
FNF:2
FNH:2
FNDA:5,sub
FNDA:5,add
DA:6,5
DA:7,5
DA:11,5
DA:12,5
DA:13,5
LF:5
LH:5
BRF:0
BRH:0
end_of_record
TN:
SF:/home/saqib/Saqib/Solidity/First Project/MSOT/contracts/Migrations.sol
FN:8,restricted
FN:16,setCompleted
FNF:2
FNH:2
FNDA:1,restricted
FNDA:1,setCompleted
DA:9,1
DA:13,1
DA:17,1
LF:3
LH:3
BRDA:9,1,0,1
BRDA:9,1,1,0
BRF:2
BRH:1
end_of_record
TN:
SF:/home/saqib/Saqib/Solidity/First Project/MSOT/contracts/MSOT.sol
FN:25,initialize
FN:37,_authorizeUpgrade
FN:39,checkHalted
FN:44,onlyAuthorized
FN:48,transferAuthorizedCaller
FN:53,totalSupply
FN:57,sendFeeCurrency
FN:66,setIsPayable
FN:70,setHalted
FN:74,setLock
FN:78,balanceOf
FN:82,transfer
FN:92,transferFrom
FN:107,allowance
FN:111,approve
FNF:15
FNH:14
FNDA:33,initialize
FNDA:2,_authorizeUpgrade
FNDA:14,checkHalted
FNDA:11,onlyAuthorized
FNDA:2,transferAuthorizedCaller
FNDA:0,totalSupply
FNDA:3,sendFeeCurrency
FNDA:3,setIsPayable
FNDA:3,setHalted
FNDA:5,setLock
FNDA:7,balanceOf
FNDA:3,transfer
FNDA:8,transferFrom
FNDA:1,allowance
FNDA:2,approve
DA:26,33
DA:27,33
DA:28,33
DA:29,33
DA:30,33
DA:31,33
DA:32,33
DA:33,33
DA:40,14
DA:41,13
DA:45,11
DA:46,11
DA:49,2
DA:50,1
DA:54,0
DA:58,3
DA:59,1
DA:62,2
DA:63,2
DA:67,3
DA:71,3
DA:75,5
DA:79,7
DA:83,3
DA:84,2
DA:86,2
DA:87,2
DA:88,2
DA:89,2
DA:93,8
DA:94,2
DA:96,7
DA:97,5
DA:98,2
DA:99,0
DA:101,3
DA:102,3
DA:103,3
DA:104,3
DA:108,1
DA:112,2
DA:114,2
DA:115,2
DA:116,2
LF:44
LH:42
BRDA:40,1,0,13
BRDA:40,1,1,1
BRDA:45,2,0,11
BRDA:45,2,1,0
BRDA:49,3,0,1
BRDA:49,3,1,1
BRDA:58,4,0,1
BRDA:58,4,1,2
BRDA:83,5,0,2
BRDA:83,5,1,1
BRDA:84,6,0,1
BRDA:84,6,1,1
BRDA:93,7,0,2
BRDA:93,7,1,6
BRDA:94,8,0,1
BRDA:94,8,1,1
BRDA:96,9,0,5
BRDA:96,9,1,2
BRDA:97,10,0,2
BRDA:97,10,1,3
BRDA:98,11,0,0
BRDA:98,11,1,2
BRDA:112,12,0,2
BRDA:112,12,1,0
BRF:24
BRH:21
end_of_record
TN:
SF:/home/saqib/Saqib/Solidity/First Project/MSOT/contracts/tests/mockMSOT.sol
FN:7,version
FNF:1
FNH:1
FNDA:1,version
DA:8,1
LF:1
LH:1
BRF:0
BRH:0
end_of_record
