TN:
SF:/home/saqib/Saqib/Solidity/First Project/new/MSOT/contracts/Migrations.sol
FN:8,restricted
FN:16,setCompleted
FNF:2
FNH:2
FNDA:1,restricted
FNDA:1,setCompleted
DA:9,1
DA:13,1
DA:17,1
LF:3
LH:3
BRDA:9,1,0,1
BRDA:9,1,1,0
BRF:2
BRH:1
end_of_record
TN:
SF:/home/saqib/Saqib/Solidity/First Project/new/MSOT/contracts/MSOT.sol
FN:13,initialize
FN:20,_authorizeUpgrade
FN:22,burn
FNF:3
FNH:3
FNDA:24,initialize
FNDA:2,_authorizeUpgrade
FNDA:1,burn
DA:14,24
DA:15,24
DA:16,24
DA:23,1
LF:4
LH:4
BRF:0
BRH:0
end_of_record
TN:
SF:/home/saqib/Saqib/Solidity/First Project/new/MSOT/contracts/tests/mockMSOT.sol
FN:7,version
FNF:1
FNH:1
FNDA:1,version
DA:8,1
LF:1
LH:1
BRF:0
BRH:0
end_of_record
